c:\users\kevin\desktop\opengl5a\rotatingcubes01\debug\vc120.pdb
c:\users\kevin\desktop\opengl5a\rotatingcubes01\debug\vc120.idb
c:\users\kevin\desktop\opengl5a\rotatingcubes01\debug\esgishader.obj
c:\users\kevin\desktop\opengl5a\rotatingcubes01\debug\tiny_obj_loader.obj
c:\users\kevin\desktop\opengl5a\rotatingcubes01\debug\rotatingcubes01.obj
d:\esgi\5a_git_repos\trunk\open_gl\projet_10-11-2015\rotatingcubes01\debug\vc140.pdb
d:\esgi\5a_git_repos\trunk\open_gl\projet_10-11-2015\rotatingcubes01\debug\vc140.idb
c:\users\kevin\desktop\opengl5a\debug\rotatingcubes01.ilk
c:\users\kevin\desktop\opengl5a\debug\rotatingcubes01.exe
c:\users\kevin\desktop\opengl5a\debug\rotatingcubes01.pdb
d:\esgi\5a_git_repos\trunk\open_gl\projet_10-11-2015\rotatingcubes01\debug\esgishader.obj
d:\esgi\5a_git_repos\trunk\open_gl\projet_10-11-2015\rotatingcubes01\debug\tiny_obj_loader.obj
d:\esgi\5a_git_repos\trunk\open_gl\projet_10-11-2015\rotatingcubes01\debug\vc120.idb
d:\esgi\5a_git_repos\trunk\open_gl\projet_10-11-2015\rotatingcubes01\debug\vc120.pdb
d:\esgi\5a_git_repos\trunk\open_gl\projet_10-11-2015\rotatingcubes01\debug\rotatingcubes01.tlog\cl.command.1.tlog
d:\esgi\5a_git_repos\trunk\open_gl\projet_10-11-2015\rotatingcubes01\debug\rotatingcubes01.tlog\cl.read.1.tlog
d:\esgi\5a_git_repos\trunk\open_gl\projet_10-11-2015\rotatingcubes01\debug\rotatingcubes01.tlog\cl.write.1.tlog
d:\esgi\5a_git_repos\trunk\open_gl\projet_10-11-2015\rotatingcubes01\debug\rotatingcubes01.tlog\link.command.1.tlog
d:\esgi\5a_git_repos\trunk\open_gl\projet_10-11-2015\rotatingcubes01\debug\rotatingcubes01.tlog\link.read.1.tlog
d:\esgi\5a_git_repos\trunk\open_gl\projet_10-11-2015\rotatingcubes01\debug\rotatingcubes01.tlog\link.write.1.tlog
